25
8
5
20
4
5
16
25
2
15
20
13
11
24
9
10
19
18
4
12
3
21
20
2
17
5
25
6
24
9
22
19
10
11
15
26
18
13
7
4
5
12
25
21
24
11
20
6
16
9
17
10
4
2
18
14
19
25
12
5
11
13
3
22
18
24
20
1
9
4
8
10
17
21
25
16
6
15
18
19
11
7
13
5
12
9
24
4
20
2
17
22
25
21
18
10
11
4
26
9
5
24
14
19
6
16
25
20
2
13
4
12
17
7
18
24
15
11
10
3
5
20
9
1
22
25
17
21
6
4
26
19
18
12
11
13
20
8
10
5
24
9
25
11
16
2
15
6
18
4
19
20
17
7
11
9
13
12
10
22
26
25
21
24
5
20
17
19
3
18
22
25
1
4
6
11
15
10
20
2
13
12
9
24
16
17
11
21
25
8
4
19
14
5
20
18
10
24
2
26
4
12
9
6
11
17
22
13
25
21
18
20
7
15
11
16
19
24
4
20
5
6
10
25
3
17
12
21
2
4
9
20
13
18
24
1
8
11
25
15
26
5
14
6
20
10
19
22
9
4
13
25
11
12
16
17
15
21
5
18
2
20
10
4
7
24
11
25
6
12
22
3
13
19
9
10
25
4
18
5
17
20
24
26
1
12
6
11
4
2
15
16
10
9
21
13
19
25
18
4
5
7
24
11
20
6
14
22
17
9
12
13
19
25
4
15
10
11
3
18
20
17
2
21
5
25
24
16
4
18
6
10
9
12
11
26
7
25
8
13
19
20
5
2
18
4
17
21
24
15
25
6
10
12
20
11
22
4
13
18
9
16
5
14
15
